<?xml version="1.0" encoding="UTF-8"?>
<!-- Generated by org.testng.reporters.JUnitReportReporter -->
<testsuite hostname="POOJA" failures="0" tests="1" name="com.obsqura.scripts.UsersPageTest" time="51.077" errors="0" timestamp="2023-02-23T21:26:14 IST" skipped="0">
  <testcase classname="com.obsqura.scripts.UsersPageTest" name="loadUsersPage" time="51.077"/>
  <system-out/>
</testsuite> <!-- com.obsqura.scripts.UsersPageTest -->
