<?xml version="1.0" encoding="UTF-8"?>
<!-- Generated by org.testng.reporters.JUnitReportReporter -->
<testsuite hostname="POOJA" failures="0" tests="1" name="com.obsqura.scripts.RolesPageTest" time="35.349" errors="0" timestamp="2023-02-21T23:17:32 IST" skipped="0">
  <testcase classname="com.obsqura.scripts.RolesPageTest" name="loadRolesPage" time="35.349"/>
  <system-out/>
</testsuite> <!-- com.obsqura.scripts.RolesPageTest -->
