<?xml version="1.0" encoding="UTF-8"?>
<!-- Generated by org.testng.reporters.JUnitReportReporter -->
<testsuite hostname="POOJA" failures="0" tests="1" name="com.obsqura.scripts.TestHelper" time="0.010" errors="0" timestamp="2023-02-13T21:57:41 IST" skipped="0">
  <testcase classname="com.obsqura.scripts.TestHelper" name="f" time="0.010"/>
  <system-out/>
</testsuite> <!-- com.obsqura.scripts.TestHelper -->
