<?xml version="1.0" encoding="UTF-8"?>
<!-- Generated by org.testng.reporters.JUnitReportReporter -->
<testsuite hostname="POOJA" failures="0" tests="1" name="com.obsqura.scripts.StockAdjustmentPageTest" time="18.985" errors="0" timestamp="2023-02-28T23:11:28 IST" skipped="0">
  <testcase classname="com.obsqura.scripts.StockAdjustmentPageTest" name="verifyAddStockAdjustment" time="18.985"/>
  <system-out/>
</testsuite> <!-- com.obsqura.scripts.StockAdjustmentPageTest -->
