<?xml version="1.0" encoding="UTF-8"?>
<!-- Generated by org.testng.reporters.JUnitReportReporter -->
<testsuite hostname="POOJA" failures="0" tests="1" name="com.obsqura.scripts.HomePageTest" time="23.524" errors="0" timestamp="2023-02-22T22:12:47 IST" skipped="0">
  <testcase classname="com.obsqura.scripts.HomePageTest" name="checkHomePageLoaded" time="23.524"/>
  <system-out/>
</testsuite> <!-- com.obsqura.scripts.HomePageTest -->
