<?xml version="1.0" encoding="UTF-8"?>
<!-- Generated by org.testng.reporters.JUnitReportReporter -->
<testsuite hostname="POOJA" failures="0" tests="2" name="com.obsqura.scripts.LoginPageTest1" time="4.263" errors="0" timestamp="2023-02-13T22:13:32 IST" skipped="0">
  <testcase classname="com.obsqura.scripts.LoginPageTest1" name="f1" time="4.261"/>
  <system-out/>
  <testcase classname="com.obsqura.scripts.LoginPageTest1" name="f" time="0.002"/>
  <system-out/>
</testsuite> <!-- com.obsqura.scripts.LoginPageTest1 -->
