<?xml version="1.0" encoding="UTF-8"?>
<!-- Generated by org.testng.reporters.JUnitReportReporter -->
<testsuite hostname="POOJA" failures="0" tests="1" name="com.obsqura.scripts.PaymentAccountsPageTest" time="32.129" errors="0" timestamp="2023-02-25T13:13:41 IST" skipped="0">
  <testcase classname="com.obsqura.scripts.PaymentAccountsPageTest" name="verifyNewAccountCreation" time="32.129"/>
  <system-out/>
</testsuite> <!-- com.obsqura.scripts.PaymentAccountsPageTest -->
